0 info it worked if it ends with ok
1 verbose cli [ '/home/abidibo/.nvm/versions/v5.9.0/bin/node',
1 verbose cli   '/home/abidibo/.nvm/versions/v5.9.0/bin/npm',
1 verbose cli   'run',
1 verbose cli   'lint' ]
2 info using npm@3.7.3
3 info using node@v5.9.0
4 verbose run-script [ 'prelint', 'lint', 'postlint' ]
5 info lifecycle tm-widgets@0.1.0~prelint: tm-widgets@0.1.0
6 silly lifecycle tm-widgets@0.1.0~prelint: no script for prelint, continuing
7 info lifecycle tm-widgets@0.1.0~lint: tm-widgets@0.1.0
8 verbose lifecycle tm-widgets@0.1.0~lint: unsafe-perm in lifecycle true
9 verbose lifecycle tm-widgets@0.1.0~lint: PATH: /home/abidibo/.nvm/versions/v5.9.0/lib/node_modules/npm/bin/node-gyp-bin:/home/abidibo/Web/www/tm-widgets/node_modules/.bin:/home/abidibo/.nvm/versions/v5.9.0/bin:/opt/extras.ubuntu.com/pushbullet-indicator/bin:/home/abidibo/Software/mongodb/bin:/home/abidibo/.rbenv/plugins/ruby-build/bin:/home/abidibo/.rbenv/shims:/home/abidibo/.rbenv/bin:/home/abidibo/Software/android-studio/bin:/home/abidibo/Android/Sdk/platform-tools:/home/abidibo/.nvm/versions/v5.9.0/bin:/usr/local/sbin:/usr/local/bin:/usr/sbin:/usr/bin:/sbin:/bin:/usr/games:/usr/local/games:/snap/bin:/snap/bin:/home/abidibo/.fzf/bin
10 verbose lifecycle tm-widgets@0.1.0~lint: CWD: /home/abidibo/Web/www/tm-widgets
11 silly lifecycle tm-widgets@0.1.0~lint: Args: [ '-c', './node_modules/eslint/bin/eslint.js .' ]
12 silly lifecycle tm-widgets@0.1.0~lint: Returned: code: 1  signal: null
13 info lifecycle tm-widgets@0.1.0~lint: Failed to exec lint script
14 verbose stack Error: tm-widgets@0.1.0 lint: `./node_modules/eslint/bin/eslint.js .`
14 verbose stack Exit status 1
14 verbose stack     at EventEmitter.<anonymous> (/home/abidibo/.nvm/versions/v5.9.0/lib/node_modules/npm/lib/utils/lifecycle.js:239:16)
14 verbose stack     at emitTwo (events.js:100:13)
14 verbose stack     at EventEmitter.emit (events.js:185:7)
14 verbose stack     at ChildProcess.<anonymous> (/home/abidibo/.nvm/versions/v5.9.0/lib/node_modules/npm/lib/utils/spawn.js:24:14)
14 verbose stack     at emitTwo (events.js:100:13)
14 verbose stack     at ChildProcess.emit (events.js:185:7)
14 verbose stack     at maybeClose (internal/child_process.js:850:16)
14 verbose stack     at Process.ChildProcess._handle.onexit (internal/child_process.js:215:5)
15 verbose pkgid tm-widgets@0.1.0
16 verbose cwd /home/abidibo/Web/www/tm-widgets
17 error Linux 4.4.0-72-generic
18 error argv "/home/abidibo/.nvm/versions/v5.9.0/bin/node" "/home/abidibo/.nvm/versions/v5.9.0/bin/npm" "run" "lint"
19 error node v5.9.0
20 error npm  v3.7.3
21 error code ELIFECYCLE
22 error tm-widgets@0.1.0 lint: `./node_modules/eslint/bin/eslint.js .`
22 error Exit status 1
23 error Failed at the tm-widgets@0.1.0 lint script './node_modules/eslint/bin/eslint.js .'.
23 error Make sure you have the latest version of node.js and npm installed.
23 error If you do, this is most likely a problem with the tm-widgets package,
23 error not with npm itself.
23 error Tell the author that this fails on your system:
23 error     ./node_modules/eslint/bin/eslint.js .
23 error You can get information on how to open an issue for this project with:
23 error     npm bugs tm-widgets
23 error Or if that isn't available, you can get their info via:
23 error     npm owner ls tm-widgets
23 error There is likely additional logging output above.
24 verbose exit [ 1, true ]
